Build started 4/13/2016 6:10:39 PM.
     1>Project "E:\Computer Programming\C++\Whisperer\CardProofOfConcept\CardProofOfConcept.vcxproj" on node 2 (Build target(s)).
       Project file contains ToolsVersion="14.0". This toolset may be unknown or missing, in which case you may be able to resolve this by installing the appropriate version of MSBuild, or the build may have been forced to a particular ToolsVersion for policy reasons. Treating the project as if it had ToolsVersion="4.0". For more information, please see http://go.microsoft.com/fwlink/?LinkId=291333.
     1>ClCompile:
         C:\Program Files (x86)\Microsoft Visual Studio 11.0\VC\bin\x86_amd64\CL.exe /c /Zi /nologo /W3 /WX- /sdl /Od /D _DEBUG /D _CONSOLE /D _UNICODE /D UNICODE /Gm /EHsc /RTC1 /MDd /GS /fp:precise /Zc:wchar_t /Zc:forScope /Yc"stdafx.h" /Fp"x64\Debug\CardProofOfConcept.pch" /Fo"x64\Debug\\" /Fd"x64\Debug\vc110.pdb" /Gd /TP /errorReport:prompt stdafx.cpp
         stdafx.cpp
         C:\Program Files (x86)\Microsoft Visual Studio 11.0\VC\bin\x86_amd64\CL.exe /c /Zi /nologo /W3 /WX- /sdl /Od /D _DEBUG /D _CONSOLE /D _UNICODE /D UNICODE /Gm /EHsc /RTC1 /MDd /GS /fp:precise /Zc:wchar_t /Zc:forScope /Yu"stdafx.h" /Fp"x64\Debug\CardProofOfConcept.pch" /Fo"x64\Debug\\" /Fd"x64\Debug\vc110.pdb" /Gd /TP /errorReport:prompt Card.cpp CardProofOfConcept.cpp Deck.cpp Fire_Spirit.cpp Hellhound.cpp Hellspark_Mutt.cpp Pyromaniac.cpp Soul.cpp
         Soul.cpp
         Pyromaniac.cpp
         Hellspark_Mutt.cpp
         Hellhound.cpp
         Fire_Spirit.cpp
         Deck.cpp
     1>Deck.cpp(30): warning C4267: '=' : conversion from 'size_t' to 'int', possible loss of data
     1>Deck.cpp(34): warning C4244: 'argument' : conversion from 'time_t' to 'unsigned int', possible loss of data
         CardProofOfConcept.cpp
         Card.cpp
         Generating Code...
       Link:
         C:\Program Files (x86)\Microsoft Visual Studio 11.0\VC\bin\x86_amd64\link.exe /ERRORREPORT:PROMPT /OUT:"E:\Computer Programming\C++\Whisperer\x64\Debug\CardProofOfConcept.exe" /INCREMENTAL /NOLOGO kernel32.lib user32.lib gdi32.lib winspool.lib comdlg32.lib advapi32.lib shell32.lib ole32.lib oleaut32.lib uuid.lib odbc32.lib odbccp32.lib /MANIFEST /MANIFESTUAC:"level='asInvoker' uiAccess='false'" /manifest:embed /DEBUG /PDB:"E:\Computer Programming\C++\Whisperer\x64\Debug\CardProofOfConcept.pdb" /SUBSYSTEM:CONSOLE /TLBID:1 /DYNAMICBASE /NXCOMPAT /IMPLIB:"E:\Computer Programming\C++\Whisperer\x64\Debug\CardProofOfConcept.lib" /MACHINE:X64 x64\Debug\Card.obj
         x64\Debug\CardProofOfConcept.obj
         x64\Debug\Deck.obj
         x64\Debug\Fire_Spirit.obj
         x64\Debug\Hellhound.obj
         x64\Debug\Hellspark_Mutt.obj
         x64\Debug\Pyromaniac.obj
         x64\Debug\Soul.obj
         x64\Debug\stdafx.obj
         CardProofOfConcept.vcxproj -> E:\Computer Programming\C++\Whisperer\x64\Debug\CardProofOfConcept.exe
     1>Done Building Project "E:\Computer Programming\C++\Whisperer\CardProofOfConcept\CardProofOfConcept.vcxproj" (Build target(s)).

Build succeeded.

Time Elapsed 00:00:11.67
