f:\computer programming\c++\whisperer\cardproofofconcept\x64\debug\cardproofofconcept.pch
f:\computer programming\c++\whisperer\cardproofofconcept\x64\debug\vc140.pdb
f:\computer programming\c++\whisperer\cardproofofconcept\x64\debug\vc140.idb
f:\computer programming\c++\whisperer\cardproofofconcept\x64\debug\stdafx.obj
f:\computer programming\c++\whisperer\cardproofofconcept\x64\debug\card.obj
f:\computer programming\c++\whisperer\cardproofofconcept\x64\debug\cardproofofconcept.obj
f:\computer programming\c++\whisperer\cardproofofconcept\x64\debug\deck.obj
f:\computer programming\c++\whisperer\cardproofofconcept\x64\debug\fire_spirit.obj
f:\computer programming\c++\whisperer\cardproofofconcept\x64\debug\pyromaniac.obj
f:\computer programming\c++\whisperer\cardproofofconcept\x64\debug\soul.obj
f:\computer programming\c++\whisperer\x64\debug\cardproofofconcept.pdb
f:\computer programming\c++\whisperer\cardproofofconcept\x64\debug\cardproo.ef27495b.tlog\cl.read.1.tlog
f:\computer programming\c++\whisperer\cardproofofconcept\x64\debug\cardproo.ef27495b.tlog\cl.write.1.tlog
f:\computer programming\c++\whisperer\cardproofofconcept\x64\debug\cardproo.ef27495b.tlog\cl.command.1.tlog
f:\computer programming\c++\whisperer\cardproofofconcept\x64\debug\cardproo.ef27495b.tlog\link.read.1.tlog
f:\computer programming\c++\whisperer\cardproofofconcept\x64\debug\cardproo.ef27495b.tlog\link.write.1.tlog
f:\computer programming\c++\whisperer\cardproofofconcept\x64\debug\cardproo.ef27495b.tlog\link.command.1.tlog
f:\computer programming\c++\whisperer\cardproofofconcept\x64\debug\cardproo.ef27495b.tlog\link.276-rc.read.1.tlog
f:\computer programming\c++\whisperer\cardproofofconcept\x64\debug\cardproo.ef27495b.tlog\link.276-rc.write.1.tlog
f:\computer programming\c++\whisperer\cardproofofconcept\x64\debug\cardproo.ef27495b.tlog\link.276-cvtres.read.1.tlog
f:\computer programming\c++\whisperer\cardproofofconcept\x64\debug\cardproo.ef27495b.tlog\link.276-cvtres.write.1.tlog
f:\computer programming\c++\whisperer\cardproofofconcept\x64\debug\cardproo.ef27495b.tlog\link.276.read.1.tlog
f:\computer programming\c++\whisperer\cardproofofconcept\x64\debug\cardproo.ef27495b.tlog\link.276.write.1.tlog
