g:\computer programming\c++\whisperer\whispererserver\debug\vc140.pdb
g:\computer programming\c++\whisperer\whispererserver\debug\vc140.idb
g:\computer programming\c++\whisperer\whispererserver\debug\card.obj
g:\computer programming\c++\whisperer\whispererserver\debug\gamestate.obj
g:\computer programming\c++\whisperer\whispererserver\debug\player.obj
g:\computer programming\c++\whisperer\whispererserver\debug\soul.obj
g:\computer programming\c++\whisperer\whispererserver\debug\fire_spirit.obj
g:\computer programming\c++\whisperer\whispererserver\debug\hellhound.obj
g:\computer programming\c++\whisperer\whispererserver\debug\hellspark_mutt.obj
g:\computer programming\c++\whisperer\whispererserver\debug\pyromaniac.obj
g:\computer programming\c++\whisperer\whispererserver\debug\pyrophile.obj
g:\computer programming\c++\whisperer\whispererserver\debug\stdafx.obj
g:\computer programming\c++\whisperer\whispererserver\debug\whispererserver.obj
g:\computer programming\c++\whisperer\debug\whispererserver.ilk
g:\computer programming\c++\whisperer\debug\whispererserver.exe
g:\computer programming\c++\whisperer\debug\whispererserver.pdb
g:\computer programming\c++\whisperer\whispererserver\debug\whispererserver.tlog\cl.read.1.tlog
g:\computer programming\c++\whisperer\whispererserver\debug\whispererserver.tlog\cl.write.1.tlog
g:\computer programming\c++\whisperer\whispererserver\debug\whispererserver.tlog\cl.command.1.tlog
g:\computer programming\c++\whisperer\whispererserver\debug\whispererserver.tlog\link.read.1.tlog
g:\computer programming\c++\whisperer\whispererserver\debug\whispererserver.tlog\link.write.1.tlog
g:\computer programming\c++\whisperer\whispererserver\debug\whispererserver.tlog\link.command.1.tlog
